0 info it worked if it ends with ok
1 verbose cli [ '/Users/andrewstock/.node/bin/node',
1 verbose cli   '/Users/andrewstock/.node/bin/npm',
1 verbose cli   'run',
1 verbose cli   'test' ]
2 info using npm@3.10.8
3 info using node@v6.8.1
4 verbose run-script [ 'pretest', 'test', 'posttest' ]
5 info lifecycle tcp-chat-server@1.0.0~pretest: tcp-chat-server@1.0.0
6 verbose lifecycle tcp-chat-server@1.0.0~pretest: unsafe-perm in lifecycle true
7 verbose lifecycle tcp-chat-server@1.0.0~pretest: PATH: /Users/andrewstock/.node/lib/node_modules/npm/bin/node-gyp-bin:/Users/andrewstock/Dropbox/code401/labs/class-06/tcp-chat-server/node_modules/.bin:/Users/andrewstock/.node/bin:/usr/local/bin:/usr/bin:/bin:/usr/sbin:/sbin:/Applications/Postgres.app/Contents/Versions/latest/bin
8 verbose lifecycle tcp-chat-server@1.0.0~pretest: CWD: /Users/andrewstock/Dropbox/code401/labs/class-06/tcp-chat-server
9 silly lifecycle tcp-chat-server@1.0.0~pretest: Args: [ '-c', 'npm run lint' ]
10 silly lifecycle tcp-chat-server@1.0.0~pretest: Returned: code: 1  signal: null
11 info lifecycle tcp-chat-server@1.0.0~pretest: Failed to exec pretest script
12 verbose stack Error: tcp-chat-server@1.0.0 pretest: `npm run lint`
12 verbose stack Exit status 1
12 verbose stack     at EventEmitter.<anonymous> (/Users/andrewstock/.node/lib/node_modules/npm/lib/utils/lifecycle.js:255:16)
12 verbose stack     at emitTwo (events.js:106:13)
12 verbose stack     at EventEmitter.emit (events.js:191:7)
12 verbose stack     at ChildProcess.<anonymous> (/Users/andrewstock/.node/lib/node_modules/npm/lib/utils/spawn.js:40:14)
12 verbose stack     at emitTwo (events.js:106:13)
12 verbose stack     at ChildProcess.emit (events.js:191:7)
12 verbose stack     at maybeClose (internal/child_process.js:877:16)
12 verbose stack     at Process.ChildProcess._handle.onexit (internal/child_process.js:226:5)
13 verbose pkgid tcp-chat-server@1.0.0
14 verbose cwd /Users/andrewstock/Dropbox/code401/labs/class-06/tcp-chat-server/lib
15 error Darwin 15.6.0
16 error argv "/Users/andrewstock/.node/bin/node" "/Users/andrewstock/.node/bin/npm" "run" "test"
17 error node v6.8.1
18 error npm  v3.10.8
19 error code ELIFECYCLE
20 error tcp-chat-server@1.0.0 pretest: `npm run lint`
20 error Exit status 1
21 error Failed at the tcp-chat-server@1.0.0 pretest script 'npm run lint'.
21 error Make sure you have the latest version of node.js and npm installed.
21 error If you do, this is most likely a problem with the tcp-chat-server package,
21 error not with npm itself.
21 error Tell the author that this fails on your system:
21 error     npm run lint
21 error You can get information on how to open an issue for this project with:
21 error     npm bugs tcp-chat-server
21 error Or if that isn't available, you can get their info via:
21 error     npm owner ls tcp-chat-server
21 error There is likely additional logging output above.
22 verbose exit [ 1, true ]
